<?xml version="1.0" encoding="UTF-8"?>
<testng-results ignored="0" total="3" passed="3" failed="0" skipped="0">
  <reporter-output>
  </reporter-output>
  <suite started-at="2025-03-05T00:06:10 BDT" name="Suite" finished-at="2025-03-05T00:06:14 BDT" duration-ms="3880">
    <groups>
    </groups>
    <test started-at="2025-03-05T00:06:10 BDT" name="Test" finished-at="2025-03-05T00:06:14 BDT" duration-ms="3880">
      <class name="com.example.DynamicJson">
        <test-method signature="addBook(java.lang.String,java.lang.String)[pri:0, instance:com.example.DynamicJson@78b1cc93]" started-at="2025-03-05T00:06:10 BDT" name="addBook" data-provider="BooksData" finished-at="2025-03-05T00:06:12 BDT" duration-ms="1832" status="PASS">
          <params>
            <param index="0">
              <value>
                <![CDATA[asdf]]>
              </value>
            </param>
            <param index="1">
              <value>
                <![CDATA[1234]]>
              </value>
            </param>
          </params>
          <reporter-output>
          </reporter-output>
        </test-method> <!-- addBook -->
        <test-method signature="addBook(java.lang.String,java.lang.String)[pri:0, instance:com.example.DynamicJson@78b1cc93]" started-at="2025-03-05T00:06:12 BDT" name="addBook" data-provider="BooksData" finished-at="2025-03-05T00:06:13 BDT" duration-ms="1000" status="PASS">
          <params>
            <param index="0">
              <value>
                <![CDATA[qwer]]>
              </value>
            </param>
            <param index="1">
              <value>
                <![CDATA[5678]]>
              </value>
            </param>
          </params>
          <reporter-output>
          </reporter-output>
        </test-method> <!-- addBook -->
        <test-method signature="addBook(java.lang.String,java.lang.String)[pri:0, instance:com.example.DynamicJson@78b1cc93]" started-at="2025-03-05T00:06:13 BDT" name="addBook" data-provider="BooksData" finished-at="2025-03-05T00:06:14 BDT" duration-ms="1027" status="PASS">
          <params>
            <param index="0">
              <value>
                <![CDATA[zxcv]]>
              </value>
            </param>
            <param index="1">
              <value>
                <![CDATA[9012]]>
              </value>
            </param>
          </params>
          <reporter-output>
          </reporter-output>
        </test-method> <!-- addBook -->
      </class> <!-- com.example.DynamicJson -->
    </test> <!-- Test -->
  </suite> <!-- Suite -->
</testng-results>
