<?xml version="1.0" encoding="UTF-8"?>
<testng-results ignored="0" total="1" passed="1" failed="0" skipped="0">
  <reporter-output>
  </reporter-output>
  <suite started-at="2025-03-04T00:16:29 BDT" name="Suite" finished-at="2025-03-04T00:16:30 BDT" duration-ms="937">
    <groups>
    </groups>
    <test started-at="2025-03-04T00:16:29 BDT" name="Test" finished-at="2025-03-04T00:16:30 BDT" duration-ms="937">
      <class name="com.example.DynamicJson">
        <test-method signature="addBook()[pri:0, instance:com.example.DynamicJson@8e0379d]" started-at="2025-03-04T00:16:29 BDT" name="addBook" finished-at="2025-03-04T00:16:30 BDT" duration-ms="919" status="PASS">
          <reporter-output>
          </reporter-output>
        </test-method> <!-- addBook -->
      </class> <!-- com.example.DynamicJson -->
    </test> <!-- Test -->
  </suite> <!-- Suite -->
</testng-results>
