<?xml version="1.0" encoding="UTF-8"?>
<testsuite xmlns:xsi="http://www.w3.org/2001/XMLSchema-instance" xsi:noNamespaceSchemaLocation="https://maven.apache.org/surefire/maven-surefire-plugin/xsd/surefire-test-report.xsd" name="TestSuite" time="4.37" tests="3" errors="0" skipped="0" failures="0">
  <properties>
[...]
</properties>
  <testcase name="addBook" classname="com.example.DynamicJson" time="1.834"/>
  <testcase name="addBook" classname="com.example.DynamicJson" time="1"/>
  <testcase name="addBook" classname="com.example.DynamicJson" time="1.027"/>
</testsuite>